<?xml version="1.0" encoding="UTF-8"?>
<!-- Generated by org.testng.reporters.JUnitReportReporter -->
<testsuite hostname="LAPTOP-QATGV7V4" name="TestNGSessions.HomepageTest" tests="3" failures="0" timestamp="29 Oct 2019 19:08:05 GMT" time="0.014" errors="0">
  <testcase name="HomepageHeaderTest" time="0.009" classname="TestNGSessions.HomepageTest"/>
  <testcase name="HomepageLinkTest" time="0.003" classname="TestNGSessions.HomepageTest"/>
  <testcase name="HomepageTitleTest" time="0.002" classname="TestNGSessions.HomepageTest"/>
</testsuite> <!-- TestNGSessions.HomepageTest -->
