<?xml version="1.0" encoding="UTF-8"?>
<!-- Generated by org.testng.reporters.JUnitReportReporter -->
<testsuite hostname="LAPTOP-QATGV7V4" name="TestNGSessions.InvocationCountConcept" tests="10" failures="0" timestamp="29 Oct 2019 19:33:52 GMT" time="0.040" errors="0">
  <testcase name="loginTest" time="0.001" classname="TestNGSessions.InvocationCountConcept"/>
  <testcase name="loginTest" time="0.001" classname="TestNGSessions.InvocationCountConcept"/>
  <testcase name="loginTest" time="0.001" classname="TestNGSessions.InvocationCountConcept"/>
  <testcase name="loginTest" time="0.001" classname="TestNGSessions.InvocationCountConcept"/>
  <testcase name="loginTest" time="0.031" classname="TestNGSessions.InvocationCountConcept"/>
  <testcase name="loginTest" time="0.001" classname="TestNGSessions.InvocationCountConcept"/>
  <testcase name="loginTest" time="0.002" classname="TestNGSessions.InvocationCountConcept"/>
  <testcase name="loginTest" time="0.001" classname="TestNGSessions.InvocationCountConcept"/>
  <testcase name="loginTest" time="0.001" classname="TestNGSessions.InvocationCountConcept"/>
  <testcase name="loginTest" time="0.000" classname="TestNGSessions.InvocationCountConcept"/>
</testsuite> <!-- TestNGSessions.InvocationCountConcept -->
